839  [main] DEBUG org.jboss.logging -Logging Provider: org.jboss.logging.Slf4jLoggerProvider
854  [main] DEBUG io.undertow.session -Setting default session timeout to 1800
866  [main] DEBUG io.undertow.session -Registered session listener io.undertow.servlet.core.SessionListenerBridge@38c6f217
1075 [main] DEBUG net.xgs.config.RestfulConfig -init routes
1097 [main] DEBUG net.xgs.config.RestfulConfig -init plugins
1098 [main] DEBUG net.xgs.config.RestfulConfig -init database..
1447 [main] DEBUG net.xgs.config.RestfulConfig -inited database..
3089 [main] INFO  c.a.druid.pool.DruidDataSource -{dataSource-1} inited
3374 [main] INFO  net.xgs.commons.plugin.IocPlugin -loading annotaion
3430 [main] INFO  net.xgs.commons.plugin.IocPlugin -loading net.xgs.controller.AlarmMsgController
3437 [main] INFO  net.xgs.commons.plugin.IocPlugin -loading net.xgs.controller.BlockController
3437 [main] INFO  net.xgs.commons.plugin.IocPlugin -loading net.xgs.controller.DataMachineController
3438 [main] INFO  net.xgs.commons.plugin.IocPlugin -loading net.xgs.controller.IndexController
3438 [main] INFO  net.xgs.commons.plugin.IocPlugin -loading net.xgs.controller.MachineController
3439 [main] INFO  net.xgs.commons.plugin.IocPlugin -loading net.xgs.controller.MachineLimitController
3439 [main] INFO  net.xgs.commons.plugin.IocPlugin -loading net.xgs.controller.TaskPlanController
3439 [main] INFO  net.xgs.commons.plugin.IocPlugin -loading net.xgs.services.AlarmMsgService
3591 [main] INFO  net.xgs.commons.plugin.IocPlugin -loading net.xgs.services.BlockDataService
3598 [main] INFO  net.xgs.commons.plugin.IocPlugin -loading net.xgs.services.BlockMemberService
3615 [main] INFO  net.xgs.commons.plugin.IocPlugin -loading net.xgs.services.BlockService
3628 [main] INFO  net.xgs.commons.plugin.IocPlugin -loading net.xgs.services.DayHistoryDataMachineService
3633 [main] INFO  net.xgs.commons.plugin.IocPlugin -loading net.xgs.services.FunctionService
3647 [main] INFO  net.xgs.commons.plugin.IocPlugin -loading net.xgs.services.HistoryDataMachineService
3653 [main] INFO  net.xgs.commons.plugin.IocPlugin -loading net.xgs.services.MachineBlockService
3663 [main] INFO  net.xgs.commons.plugin.IocPlugin -loading net.xgs.services.MachineBlockTypeService
3672 [main] INFO  net.xgs.commons.plugin.IocPlugin -loading net.xgs.services.MachineDataService
3678 [main] INFO  net.xgs.commons.plugin.IocPlugin -loading net.xgs.services.MachineLimitService
3702 [main] INFO  net.xgs.commons.plugin.IocPlugin -loading net.xgs.services.MachineParamService
3722 [main] INFO  net.xgs.commons.plugin.IocPlugin -loading net.xgs.services.MachineService
3722 [main] INFO  net.xgs.commons.plugin.IocPlugin -loading net.xgs.services.MachineTypeService
3731 [main] INFO  net.xgs.commons.plugin.IocPlugin -loading net.xgs.services.ManufactorService
3748 [main] INFO  net.xgs.commons.plugin.IocPlugin -loading net.xgs.services.MemberBlockDataService
3764 [main] INFO  net.xgs.commons.plugin.IocPlugin -loading net.xgs.services.MemberService
3774 [main] INFO  net.xgs.commons.plugin.IocPlugin -loading net.xgs.services.MenuFunctionService
3780 [main] INFO  net.xgs.commons.plugin.IocPlugin -loading net.xgs.services.MenuService
3782 [main] INFO  net.xgs.commons.plugin.IocPlugin -loading net.xgs.services.OrgService
3787 [main] INFO  net.xgs.commons.plugin.IocPlugin -loading net.xgs.services.RoleService
3796 [main] INFO  net.xgs.commons.plugin.IocPlugin -loading net.xgs.services.TaskPlanJobService
3798 [main] INFO  net.xgs.commons.plugin.IocPlugin -loading net.xgs.services.TaskPlanService
3814 [main] INFO  net.xgs.commons.plugin.IocPlugin -annotation loaded 
4148 [main] DEBUG io.undertow -starting undertow server io.undertow.Undertow@533b266e
4167 [main] INFO  org.xnio -XNIO version 3.3.6.Final
4204 [main] INFO  org.xnio.nio -XNIO NIO Implementation Version 3.3.6.Final
4583 [XNIO-1 I/O-3] DEBUG org.xnio.nio -Started channel thread 'XNIO-1 I/O-3', selector sun.nio.ch.WindowsSelectorImpl@5de8d688
4583 [XNIO-1 I/O-1] DEBUG org.xnio.nio -Started channel thread 'XNIO-1 I/O-1', selector sun.nio.ch.WindowsSelectorImpl@567e7725
4583 [XNIO-1 I/O-2] DEBUG org.xnio.nio -Started channel thread 'XNIO-1 I/O-2', selector sun.nio.ch.WindowsSelectorImpl@451d09d1
4585 [XNIO-1 Accept] DEBUG org.xnio.nio -Started channel thread 'XNIO-1 Accept', selector sun.nio.ch.WindowsSelectorImpl@541752b
4585 [XNIO-1 I/O-4] DEBUG org.xnio.nio -Started channel thread 'XNIO-1 I/O-4', selector sun.nio.ch.WindowsSelectorImpl@4c6e1ff3
4587 [main] DEBUG io.undertow -Configuring listener with protocol HTTP for interface 0.0.0.0 and port 9999
683  [main] DEBUG org.jboss.logging -Logging Provider: org.jboss.logging.Slf4jLoggerProvider
704  [main] DEBUG io.undertow.session -Setting default session timeout to 1800
718  [main] DEBUG io.undertow.session -Registered session listener io.undertow.servlet.core.SessionListenerBridge@35cabb2a
1100 [main] DEBUG net.xgs.config.JobConfig -init routes
1101 [main] DEBUG net.xgs.config.JobConfig -init plugins
1101 [main] DEBUG net.xgs.config.JobConfig -init database..
1420 [main] DEBUG net.xgs.config.JobConfig -inited database..
3809 [main] INFO  c.a.druid.pool.DruidDataSource -{dataSource-1} inited
4592 [main] INFO  net.xgs.commons.plugin.IocPlugin -loading annotaion
4674 [main] INFO  net.xgs.commons.plugin.IocPlugin -loading net.xgs.controller.IndexController
4680 [main] INFO  net.xgs.commons.plugin.IocPlugin -loading net.xgs.services.JobService
4991 [main] INFO  net.xgs.commons.plugin.IocPlugin -loading net.xgs.services.AlarmMsgService
5054 [main] INFO  net.xgs.commons.plugin.IocPlugin -loading net.xgs.services.BlockDataService
5074 [main] INFO  net.xgs.commons.plugin.IocPlugin -loading net.xgs.services.BlockMemberService
5129 [main] INFO  net.xgs.commons.plugin.IocPlugin -loading net.xgs.services.BlockService
5211 [main] INFO  net.xgs.commons.plugin.IocPlugin -loading net.xgs.services.DayHistoryDataMachineService
5243 [main] INFO  net.xgs.commons.plugin.IocPlugin -loading net.xgs.services.FunctionService
5258 [main] INFO  net.xgs.commons.plugin.IocPlugin -loading net.xgs.services.HistoryDataMachineService
5274 [main] INFO  net.xgs.commons.plugin.IocPlugin -loading net.xgs.services.MachineBlockService
5284 [main] INFO  net.xgs.commons.plugin.IocPlugin -loading net.xgs.services.MachineBlockTypeService
5314 [main] INFO  net.xgs.commons.plugin.IocPlugin -loading net.xgs.services.MachineDataService
5426 [main] INFO  net.xgs.commons.plugin.IocPlugin -loading net.xgs.services.MachineLimitService
5465 [main] INFO  net.xgs.commons.plugin.IocPlugin -loading net.xgs.services.MachineParamService
5473 [main] INFO  net.xgs.commons.plugin.IocPlugin -loading net.xgs.services.MachineService
5473 [main] INFO  net.xgs.commons.plugin.IocPlugin -loading net.xgs.services.MachineTypeService
5478 [main] INFO  net.xgs.commons.plugin.IocPlugin -loading net.xgs.services.ManufactorService
5485 [main] INFO  net.xgs.commons.plugin.IocPlugin -loading net.xgs.services.MemberBlockDataService
5492 [main] INFO  net.xgs.commons.plugin.IocPlugin -loading net.xgs.services.MemberService
5529 [main] INFO  net.xgs.commons.plugin.IocPlugin -loading net.xgs.services.MenuFunctionService
5537 [main] INFO  net.xgs.commons.plugin.IocPlugin -loading net.xgs.services.MenuService
5549 [main] INFO  net.xgs.commons.plugin.IocPlugin -loading net.xgs.services.OrgService
5561 [main] INFO  net.xgs.commons.plugin.IocPlugin -loading net.xgs.services.RoleService
5574 [main] INFO  net.xgs.commons.plugin.IocPlugin -loading net.xgs.services.TaskPlanJobService
5579 [main] INFO  net.xgs.commons.plugin.IocPlugin -loading net.xgs.services.TaskPlanService
5618 [main] INFO  net.xgs.commons.plugin.IocPlugin -annotation loaded 
6544 [main] DEBUG c.a.d.pool.PreparedStatementPool -{conn-10010, pstmt-20029} enter cache
6567 [main] DEBUG io.undertow -starting undertow server io.undertow.Undertow@59aa20b3
6599 [main] INFO  org.xnio -XNIO version 3.3.6.Final
6642 [main] INFO  org.xnio.nio -XNIO NIO Implementation Version 3.3.6.Final
7267 [main] DEBUG io.undertow -Configuring listener with protocol HTTP for interface 0.0.0.0 and port 8899
7308 [XNIO-1 I/O-1] DEBUG org.xnio.nio -Started channel thread 'XNIO-1 I/O-1', selector sun.nio.ch.WindowsSelectorImpl@7962d261
7320 [XNIO-1 I/O-2] DEBUG org.xnio.nio -Started channel thread 'XNIO-1 I/O-2', selector sun.nio.ch.WindowsSelectorImpl@1e86151b
7322 [XNIO-1 I/O-3] DEBUG org.xnio.nio -Started channel thread 'XNIO-1 I/O-3', selector sun.nio.ch.WindowsSelectorImpl@15693e43
7323 [XNIO-1 I/O-4] DEBUG org.xnio.nio -Started channel thread 'XNIO-1 I/O-4', selector sun.nio.ch.WindowsSelectorImpl@70d8c228
7325 [XNIO-1 Accept] DEBUG org.xnio.nio -Started channel thread 'XNIO-1 Accept', selector sun.nio.ch.WindowsSelectorImpl@1f4e3206
763  [main] DEBUG org.jboss.logging -Logging Provider: org.jboss.logging.Slf4jLoggerProvider
788  [main] DEBUG io.undertow.session -Setting default session timeout to 1800
835  [main] DEBUG io.undertow.session -Registered session listener io.undertow.servlet.core.SessionListenerBridge@38c6f217
1067 [main] DEBUG net.xgs.config.RestfulConfig -init routes
1084 [main] DEBUG net.xgs.config.RestfulConfig -init plugins
1085 [main] DEBUG net.xgs.config.RestfulConfig -init database..
1242 [main] DEBUG net.xgs.config.RestfulConfig -inited database..
3178 [main] INFO  c.a.druid.pool.DruidDataSource -{dataSource-1} inited
3742 [main] INFO  net.xgs.commons.plugin.IocPlugin -loading annotaion
3903 [main] INFO  net.xgs.commons.plugin.IocPlugin -loading net.xgs.controller.AlarmMsgController
3931 [main] INFO  net.xgs.commons.plugin.IocPlugin -loading net.xgs.controller.BlockController
3931 [main] INFO  net.xgs.commons.plugin.IocPlugin -loading net.xgs.controller.DataMachineController
3931 [main] INFO  net.xgs.commons.plugin.IocPlugin -loading net.xgs.controller.IndexController
3931 [main] INFO  net.xgs.commons.plugin.IocPlugin -loading net.xgs.controller.MachineController
3937 [main] INFO  net.xgs.commons.plugin.IocPlugin -loading net.xgs.controller.MachineLimitController
3938 [main] INFO  net.xgs.commons.plugin.IocPlugin -loading net.xgs.controller.TaskPlanController
3939 [main] INFO  net.xgs.commons.plugin.IocPlugin -loading net.xgs.services.AlarmMsgService
4142 [main] INFO  net.xgs.commons.plugin.IocPlugin -loading net.xgs.services.BlockDataService
4148 [main] INFO  net.xgs.commons.plugin.IocPlugin -loading net.xgs.services.BlockMemberService
4167 [main] INFO  net.xgs.commons.plugin.IocPlugin -loading net.xgs.services.BlockService
4179 [main] INFO  net.xgs.commons.plugin.IocPlugin -loading net.xgs.services.DayHistoryDataMachineService
4186 [main] INFO  net.xgs.commons.plugin.IocPlugin -loading net.xgs.services.FunctionService
4193 [main] INFO  net.xgs.commons.plugin.IocPlugin -loading net.xgs.services.HistoryDataMachineService
4202 [main] INFO  net.xgs.commons.plugin.IocPlugin -loading net.xgs.services.MachineBlockService
4209 [main] INFO  net.xgs.commons.plugin.IocPlugin -loading net.xgs.services.MachineBlockTypeService
4215 [main] INFO  net.xgs.commons.plugin.IocPlugin -loading net.xgs.services.MachineDataService
4222 [main] INFO  net.xgs.commons.plugin.IocPlugin -loading net.xgs.services.MachineLimitService
4232 [main] INFO  net.xgs.commons.plugin.IocPlugin -loading net.xgs.services.MachineParamService
4238 [main] INFO  net.xgs.commons.plugin.IocPlugin -loading net.xgs.services.MachineService
4239 [main] INFO  net.xgs.commons.plugin.IocPlugin -loading net.xgs.services.MachineTypeService
4248 [main] INFO  net.xgs.commons.plugin.IocPlugin -loading net.xgs.services.ManufactorService
4252 [main] INFO  net.xgs.commons.plugin.IocPlugin -loading net.xgs.services.MemberBlockDataService
4256 [main] INFO  net.xgs.commons.plugin.IocPlugin -loading net.xgs.services.MemberService
4265 [main] INFO  net.xgs.commons.plugin.IocPlugin -loading net.xgs.services.MenuFunctionService
4269 [main] INFO  net.xgs.commons.plugin.IocPlugin -loading net.xgs.services.MenuService
4272 [main] INFO  net.xgs.commons.plugin.IocPlugin -loading net.xgs.services.OrgService
4282 [main] INFO  net.xgs.commons.plugin.IocPlugin -loading net.xgs.services.RoleService
4290 [main] INFO  net.xgs.commons.plugin.IocPlugin -loading net.xgs.services.TaskPlanJobService
4296 [main] INFO  net.xgs.commons.plugin.IocPlugin -loading net.xgs.services.TaskPlanService
4306 [main] INFO  net.xgs.commons.plugin.IocPlugin -annotation loaded 
4496 [main] DEBUG io.undertow -starting undertow server io.undertow.Undertow@6d1d4d7
4508 [main] INFO  org.xnio -XNIO version 3.3.6.Final
4543 [main] INFO  org.xnio.nio -XNIO NIO Implementation Version 3.3.6.Final
4913 [XNIO-1 I/O-3] DEBUG org.xnio.nio -Started channel thread 'XNIO-1 I/O-3', selector sun.nio.ch.WindowsSelectorImpl@51d41e15
4913 [XNIO-1 I/O-2] DEBUG org.xnio.nio -Started channel thread 'XNIO-1 I/O-2', selector sun.nio.ch.WindowsSelectorImpl@71564230
4913 [XNIO-1 I/O-1] DEBUG org.xnio.nio -Started channel thread 'XNIO-1 I/O-1', selector sun.nio.ch.WindowsSelectorImpl@7adaafd2
4914 [XNIO-1 I/O-4] DEBUG org.xnio.nio -Started channel thread 'XNIO-1 I/O-4', selector sun.nio.ch.WindowsSelectorImpl@3016a685
4914 [XNIO-1 Accept] DEBUG org.xnio.nio -Started channel thread 'XNIO-1 Accept', selector sun.nio.ch.WindowsSelectorImpl@55950c32
4918 [main] DEBUG io.undertow -Configuring listener with protocol HTTP for interface 0.0.0.0 and port 9999
2373393 [XNIO-1 I/O-2] DEBUG io.undertow.request -Matched default handler path /
2373437 [XNIO-1 task-1] DEBUG io.undertow.request.security -Attempting to authenticate HttpServerExchange{ GET / request {Connection=[keep-alive], Accept=[text/html,application/xhtml+xml,application/xml;q=0.9,image/webp,image/apng,*/*;q=0.8], Accept-Language=[zh-CN,zh;q=0.8], Accept-Encoding=[gzip, deflate, br], Cookie=[Idea-dfcc8f25=7337207f-3c8a-4d2c-b1e9-82f64feab794; Hm_lvt_9cdad07c755fa23f6aced510c6760e87=1487600920; Hm_lvt_efc0a1d7fb38d50c9c03ed4108286414=1487686438; __utma=111872281.9800850.1487600920.1488418971.1488891032.3; Idea-6c34d365=3e037442-fce6-440d-9604-d13dd54bd40c; _ga=GA1.1.9800850.1487600920; CKFinder_Path=%E5%9B%BE%E6%A0%87%3A%2F%3A1; Hm_lvt_82116c626a8d504a5c0675073362ef6f=1504069625,1504100330,1504341113,1504349643], User-Agent=[Mozilla/5.0 (Windows NT 10.0; Win64; x64) AppleWebKit/537.36 (KHTML, like Gecko) Chrome/60.0.3112.113 Safari/537.36], Upgrade-Insecure-Requests=[1], Host=[localhost:9999]} response {}}, authentication required: false
2373440 [XNIO-1 task-1] DEBUG io.undertow.request.security -Authentication outcome was NOT_ATTEMPTED with method io.undertow.security.impl.CachedAuthenticatedSessionMechanism@66048a8c for HttpServerExchange{ GET / request {Connection=[keep-alive], Accept=[text/html,application/xhtml+xml,application/xml;q=0.9,image/webp,image/apng,*/*;q=0.8], Accept-Language=[zh-CN,zh;q=0.8], Accept-Encoding=[gzip, deflate, br], Cookie=[Idea-dfcc8f25=7337207f-3c8a-4d2c-b1e9-82f64feab794; Hm_lvt_9cdad07c755fa23f6aced510c6760e87=1487600920; Hm_lvt_efc0a1d7fb38d50c9c03ed4108286414=1487686438; __utma=111872281.9800850.1487600920.1488418971.1488891032.3; Idea-6c34d365=3e037442-fce6-440d-9604-d13dd54bd40c; _ga=GA1.1.9800850.1487600920; CKFinder_Path=%E5%9B%BE%E6%A0%87%3A%2F%3A1; Hm_lvt_82116c626a8d504a5c0675073362ef6f=1504069625,1504100330,1504341113,1504349643], User-Agent=[Mozilla/5.0 (Windows NT 10.0; Win64; x64) AppleWebKit/537.36 (KHTML, like Gecko) Chrome/60.0.3112.113 Safari/537.36], Upgrade-Insecure-Requests=[1], Host=[localhost:9999]} response {}}
2373441 [XNIO-1 task-1] DEBUG io.undertow.request.security -Authentication result was ATTEMPTED for HttpServerExchange{ GET / request {Connection=[keep-alive], Accept=[text/html,application/xhtml+xml,application/xml;q=0.9,image/webp,image/apng,*/*;q=0.8], Accept-Language=[zh-CN,zh;q=0.8], Accept-Encoding=[gzip, deflate, br], Cookie=[Idea-dfcc8f25=7337207f-3c8a-4d2c-b1e9-82f64feab794; Hm_lvt_9cdad07c755fa23f6aced510c6760e87=1487600920; Hm_lvt_efc0a1d7fb38d50c9c03ed4108286414=1487686438; __utma=111872281.9800850.1487600920.1488418971.1488891032.3; Idea-6c34d365=3e037442-fce6-440d-9604-d13dd54bd40c; _ga=GA1.1.9800850.1487600920; CKFinder_Path=%E5%9B%BE%E6%A0%87%3A%2F%3A1; Hm_lvt_82116c626a8d504a5c0675073362ef6f=1504069625,1504100330,1504341113,1504349643], User-Agent=[Mozilla/5.0 (Windows NT 10.0; Win64; x64) AppleWebKit/537.36 (KHTML, like Gecko) Chrome/60.0.3112.113 Safari/537.36], Upgrade-Insecure-Requests=[1], Host=[localhost:9999]} response {}}
2373487 [XNIO-1 task-1] INFO  net.xgs.handle.RenderingTimeHandler -User-Agent:[Mozilla/5.0 (Windows NT 10.0; Win64; x64) AppleWebKit/537.36 (KHTML, like Gecko) Chrome/60.0.3112.113 Safari/537.36]	URL:[/]	TRENDING TIME:	[43]ms
2373628 [XNIO-1 I/O-2] DEBUG io.undertow.request -Matched default handler path /favicon.ico
2373631 [XNIO-1 task-2] DEBUG io.undertow.request.security -Attempting to authenticate HttpServerExchange{ GET /favicon.ico request {Connection=[keep-alive], Accept=[image/webp,image/apng,image/*,*/*;q=0.8], Accept-Language=[zh-CN,zh;q=0.8], Accept-Encoding=[gzip, deflate, br], Cookie=[Idea-dfcc8f25=7337207f-3c8a-4d2c-b1e9-82f64feab794; Hm_lvt_9cdad07c755fa23f6aced510c6760e87=1487600920; Hm_lvt_efc0a1d7fb38d50c9c03ed4108286414=1487686438; __utma=111872281.9800850.1487600920.1488418971.1488891032.3; Idea-6c34d365=3e037442-fce6-440d-9604-d13dd54bd40c; _ga=GA1.1.9800850.1487600920; CKFinder_Path=%E5%9B%BE%E6%A0%87%3A%2F%3A1; Hm_lvt_82116c626a8d504a5c0675073362ef6f=1504069625,1504100330,1504341113,1504349643], User-Agent=[Mozilla/5.0 (Windows NT 10.0; Win64; x64) AppleWebKit/537.36 (KHTML, like Gecko) Chrome/60.0.3112.113 Safari/537.36], Referer=[http://localhost:9999/], Host=[localhost:9999]} response {}}, authentication required: false
2373632 [XNIO-1 task-2] DEBUG io.undertow.request.security -Authentication outcome was NOT_ATTEMPTED with method io.undertow.security.impl.CachedAuthenticatedSessionMechanism@66048a8c for HttpServerExchange{ GET /favicon.ico request {Connection=[keep-alive], Accept=[image/webp,image/apng,image/*,*/*;q=0.8], Accept-Language=[zh-CN,zh;q=0.8], Accept-Encoding=[gzip, deflate, br], Cookie=[Idea-dfcc8f25=7337207f-3c8a-4d2c-b1e9-82f64feab794; Hm_lvt_9cdad07c755fa23f6aced510c6760e87=1487600920; Hm_lvt_efc0a1d7fb38d50c9c03ed4108286414=1487686438; __utma=111872281.9800850.1487600920.1488418971.1488891032.3; Idea-6c34d365=3e037442-fce6-440d-9604-d13dd54bd40c; _ga=GA1.1.9800850.1487600920; CKFinder_Path=%E5%9B%BE%E6%A0%87%3A%2F%3A1; Hm_lvt_82116c626a8d504a5c0675073362ef6f=1504069625,1504100330,1504341113,1504349643], User-Agent=[Mozilla/5.0 (Windows NT 10.0; Win64; x64) AppleWebKit/537.36 (KHTML, like Gecko) Chrome/60.0.3112.113 Safari/537.36], Referer=[http://localhost:9999/], Host=[localhost:9999]} response {}}
2373632 [XNIO-1 task-2] DEBUG io.undertow.request.security -Authentication result was ATTEMPTED for HttpServerExchange{ GET /favicon.ico request {Connection=[keep-alive], Accept=[image/webp,image/apng,image/*,*/*;q=0.8], Accept-Language=[zh-CN,zh;q=0.8], Accept-Encoding=[gzip, deflate, br], Cookie=[Idea-dfcc8f25=7337207f-3c8a-4d2c-b1e9-82f64feab794; Hm_lvt_9cdad07c755fa23f6aced510c6760e87=1487600920; Hm_lvt_efc0a1d7fb38d50c9c03ed4108286414=1487686438; __utma=111872281.9800850.1487600920.1488418971.1488891032.3; Idea-6c34d365=3e037442-fce6-440d-9604-d13dd54bd40c; _ga=GA1.1.9800850.1487600920; CKFinder_Path=%E5%9B%BE%E6%A0%87%3A%2F%3A1; Hm_lvt_82116c626a8d504a5c0675073362ef6f=1504069625,1504100330,1504341113,1504349643], User-Agent=[Mozilla/5.0 (Windows NT 10.0; Win64; x64) AppleWebKit/537.36 (KHTML, like Gecko) Chrome/60.0.3112.113 Safari/537.36], Referer=[http://localhost:9999/], Host=[localhost:9999]} response {}}
2373634 [XNIO-1 task-2] INFO  net.xgs.handle.RenderingTimeHandler -User-Agent:[Mozilla/5.0 (Windows NT 10.0; Win64; x64) AppleWebKit/537.36 (KHTML, like Gecko) Chrome/60.0.3112.113 Safari/537.36]	URL:[/favicon.ico]	TRENDING TIME:	[2]ms
2433685 [XNIO-1 I/O-2] DEBUG io.undertow.request -UT005035: Closing channel because of parse timeout for remote address /0:0:0:0:0:0:0:1:29602
2646219 [XNIO-1 I/O-3] DEBUG io.undertow.request -Matched default handler path /
2646223 [XNIO-1 task-3] DEBUG io.undertow.request.security -Attempting to authenticate HttpServerExchange{ POST / request {Connection=[Keep-Alive], Accept-Encoding=[gzip], Content-Type=[application/x-www-form-urlencoded], Content-Length=[25], User-Agent=[okhttp/3.6.0], Host=[localhost:9999]} response {}}, authentication required: false
2646225 [XNIO-1 task-3] DEBUG io.undertow.request.security -Authentication outcome was NOT_ATTEMPTED with method io.undertow.security.impl.CachedAuthenticatedSessionMechanism@66048a8c for HttpServerExchange{ POST / request {Connection=[Keep-Alive], Accept-Encoding=[gzip], Content-Type=[application/x-www-form-urlencoded], Content-Length=[25], User-Agent=[okhttp/3.6.0], Host=[localhost:9999]} response {}}
2646227 [XNIO-1 task-3] DEBUG io.undertow.request.security -Authentication result was ATTEMPTED for HttpServerExchange{ POST / request {Connection=[Keep-Alive], Accept-Encoding=[gzip], Content-Type=[application/x-www-form-urlencoded], Content-Length=[25], User-Agent=[okhttp/3.6.0], Host=[localhost:9999]} response {}}
2646248 [XNIO-1 task-3] INFO  net.xgs.handle.RenderingTimeHandler -User-Agent:[okhttp/3.6.0]	URL:[/]	TRENDING TIME:	[10]ms
2646576 [XNIO-1 I/O-3] DEBUG io.undertow.request.io -Error reading request
java.io.IOException: 远程主机强迫关闭了一个现有的连接。
	at sun.nio.ch.SocketDispatcher.read0(Native Method)
	at sun.nio.ch.SocketDispatcher.read(SocketDispatcher.java:43)
	at sun.nio.ch.IOUtil.readIntoNativeBuffer(IOUtil.java:223)
	at sun.nio.ch.IOUtil.read(IOUtil.java:192)
	at sun.nio.ch.SocketChannelImpl.read(SocketChannelImpl.java:380)
	at org.xnio.nio.NioSocketConduit.read(NioSocketConduit.java:286)
	at org.xnio.conduits.ConduitStreamSourceChannel.read(ConduitStreamSourceChannel.java:127)
	at io.undertow.server.protocol.http.HttpReadListener.handleEventWithNoRunningRequest(HttpReadListener.java:156)
	at io.undertow.server.protocol.http.HttpReadListener.handleEvent(HttpReadListener.java:134)
	at io.undertow.server.protocol.http.HttpReadListener.handleEvent(HttpReadListener.java:58)
	at org.xnio.ChannelListeners.invokeChannelListener(ChannelListeners.java:92)
	at org.xnio.conduits.ReadReadyHandler$ChannelListenerHandler.readReady(ReadReadyHandler.java:66)
	at org.xnio.nio.NioSocketConduit.handleReady(NioSocketConduit.java:88)
	at org.xnio.nio.WorkerThread.run(WorkerThread.java:559)
2715105 [XNIO-1 I/O-3] DEBUG io.undertow.request -Matched default handler path /a/login
2715107 [XNIO-1 task-4] DEBUG io.undertow.request.security -Attempting to authenticate HttpServerExchange{ POST /a/login request {Postman-Token=[a2bf9b41-4110-0de9-8f5c-c99ab7bc9632], Accept=[*/*], Accept-Language=[zh-CN,zh;q=0.8], Cache-Control=[no-cache], Accept-Encoding=[gzip, deflate], Origin=[chrome-extension://mbcbejigejfcfjphanjieaephaihfdmi], User-Agent=[Mozilla/5.0 (Windows NT 10.0; WOW64) AppleWebKit/537.36 (KHTML, like Gecko) Chrome/62.0.3192.0 Safari/537.36], Connection=[keep-alive], Content-Length=[0], Host=[192.168.10.95:9999]} response {}}, authentication required: false
2715107 [XNIO-1 task-4] DEBUG io.undertow.request.security -Authentication outcome was NOT_ATTEMPTED with method io.undertow.security.impl.CachedAuthenticatedSessionMechanism@66048a8c for HttpServerExchange{ POST /a/login request {Postman-Token=[a2bf9b41-4110-0de9-8f5c-c99ab7bc9632], Accept=[*/*], Accept-Language=[zh-CN,zh;q=0.8], Cache-Control=[no-cache], Accept-Encoding=[gzip, deflate], Origin=[chrome-extension://mbcbejigejfcfjphanjieaephaihfdmi], User-Agent=[Mozilla/5.0 (Windows NT 10.0; WOW64) AppleWebKit/537.36 (KHTML, like Gecko) Chrome/62.0.3192.0 Safari/537.36], Connection=[keep-alive], Content-Length=[0], Host=[192.168.10.95:9999]} response {}}
2715107 [XNIO-1 task-4] DEBUG io.undertow.request.security -Authentication result was ATTEMPTED for HttpServerExchange{ POST /a/login request {Postman-Token=[a2bf9b41-4110-0de9-8f5c-c99ab7bc9632], Accept=[*/*], Accept-Language=[zh-CN,zh;q=0.8], Cache-Control=[no-cache], Accept-Encoding=[gzip, deflate], Origin=[chrome-extension://mbcbejigejfcfjphanjieaephaihfdmi], User-Agent=[Mozilla/5.0 (Windows NT 10.0; WOW64) AppleWebKit/537.36 (KHTML, like Gecko) Chrome/62.0.3192.0 Safari/537.36], Connection=[keep-alive], Content-Length=[0], Host=[192.168.10.95:9999]} response {}}
2715206 [XNIO-1 task-4] DEBUG c.a.d.pool.PreparedStatementPool -{conn-10010, pstmt-20029} enter cache
2715228 [XNIO-1 task-4] DEBUG c.a.d.pool.PreparedStatementPool -{conn-10010, pstmt-20030} enter cache
2715418 [XNIO-1 task-4] INFO  net.xgs.handle.RenderingTimeHandler -User-Agent:[Mozilla/5.0 (Windows NT 10.0; WOW64) AppleWebKit/537.36 (KHTML, like Gecko) Chrome/62.0.3192.0 Safari/537.36]	URL:[/a/login]	TRENDING TIME:	[310]ms
2728872 [XNIO-1 I/O-1] DEBUG io.undertow.request -Matched default handler path /
2728883 [XNIO-1 task-5] DEBUG io.undertow.request.security -Attempting to authenticate HttpServerExchange{ POST / request {Connection=[Keep-Alive], Accept-Encoding=[gzip], Content-Type=[application/x-www-form-urlencoded], Content-Length=[25], User-Agent=[okhttp/3.6.0], Host=[localhost:9999]} response {}}, authentication required: false
2728883 [XNIO-1 task-5] DEBUG io.undertow.request.security -Authentication outcome was NOT_ATTEMPTED with method io.undertow.security.impl.CachedAuthenticatedSessionMechanism@66048a8c for HttpServerExchange{ POST / request {Connection=[Keep-Alive], Accept-Encoding=[gzip], Content-Type=[application/x-www-form-urlencoded], Content-Length=[25], User-Agent=[okhttp/3.6.0], Host=[localhost:9999]} response {}}
2728883 [XNIO-1 task-5] DEBUG io.undertow.request.security -Authentication result was ATTEMPTED for HttpServerExchange{ POST / request {Connection=[Keep-Alive], Accept-Encoding=[gzip], Content-Type=[application/x-www-form-urlencoded], Content-Length=[25], User-Agent=[okhttp/3.6.0], Host=[localhost:9999]} response {}}
2728896 [XNIO-1 task-5] INFO  net.xgs.handle.RenderingTimeHandler -User-Agent:[okhttp/3.6.0]	URL:[/]	TRENDING TIME:	[13]ms
2746745 [XNIO-1 I/O-1] DEBUG io.undertow.request.io -Error reading request
java.io.IOException: 远程主机强迫关闭了一个现有的连接。
	at sun.nio.ch.SocketDispatcher.read0(Native Method)
	at sun.nio.ch.SocketDispatcher.read(SocketDispatcher.java:43)
	at sun.nio.ch.IOUtil.readIntoNativeBuffer(IOUtil.java:223)
	at sun.nio.ch.IOUtil.read(IOUtil.java:192)
	at sun.nio.ch.SocketChannelImpl.read(SocketChannelImpl.java:380)
	at org.xnio.nio.NioSocketConduit.read(NioSocketConduit.java:286)
	at org.xnio.conduits.ConduitStreamSourceChannel.read(ConduitStreamSourceChannel.java:127)
	at io.undertow.server.protocol.http.HttpReadListener.handleEventWithNoRunningRequest(HttpReadListener.java:156)
	at io.undertow.server.protocol.http.HttpReadListener.handleEvent(HttpReadListener.java:134)
	at io.undertow.server.protocol.http.HttpReadListener.handleEvent(HttpReadListener.java:58)
	at org.xnio.ChannelListeners.invokeChannelListener(ChannelListeners.java:92)
	at org.xnio.conduits.ReadReadyHandler$ChannelListenerHandler.readReady(ReadReadyHandler.java:66)
	at org.xnio.nio.NioSocketConduit.handleReady(NioSocketConduit.java:88)
	at org.xnio.nio.WorkerThread.run(WorkerThread.java:559)
2765333 [XNIO-1 I/O-2] DEBUG io.undertow.request -Matched default handler path /a/login
2765358 [XNIO-1 task-6] DEBUG io.undertow.request.security -Attempting to authenticate HttpServerExchange{ POST /a/login request {Connection=[Keep-Alive], Accept-Encoding=[gzip], Content-Type=[application/x-www-form-urlencoded], Content-Length=[25], User-Agent=[okhttp/3.6.0], Host=[localhost:9999]} response {}}, authentication required: false
2765359 [XNIO-1 task-6] DEBUG io.undertow.request.security -Authentication outcome was NOT_ATTEMPTED with method io.undertow.security.impl.CachedAuthenticatedSessionMechanism@66048a8c for HttpServerExchange{ POST /a/login request {Connection=[Keep-Alive], Accept-Encoding=[gzip], Content-Type=[application/x-www-form-urlencoded], Content-Length=[25], User-Agent=[okhttp/3.6.0], Host=[localhost:9999]} response {}}
2765359 [XNIO-1 task-6] DEBUG io.undertow.request.security -Authentication result was ATTEMPTED for HttpServerExchange{ POST /a/login request {Connection=[Keep-Alive], Accept-Encoding=[gzip], Content-Type=[application/x-www-form-urlencoded], Content-Length=[25], User-Agent=[okhttp/3.6.0], Host=[localhost:9999]} response {}}
2765369 [XNIO-1 task-6] INFO  net.xgs.handle.RenderingTimeHandler -User-Agent:[okhttp/3.6.0]	URL:[/a/login]	TRENDING TIME:	[9]ms
2775468 [XNIO-1 I/O-3] DEBUG io.undertow.request -UT005035: Closing channel because of parse timeout for remote address /192.168.10.80:58802
2782356 [XNIO-1 I/O-2] DEBUG io.undertow.request.io -Error reading request
java.io.IOException: 远程主机强迫关闭了一个现有的连接。
	at sun.nio.ch.SocketDispatcher.read0(Native Method)
	at sun.nio.ch.SocketDispatcher.read(SocketDispatcher.java:43)
	at sun.nio.ch.IOUtil.readIntoNativeBuffer(IOUtil.java:223)
	at sun.nio.ch.IOUtil.read(IOUtil.java:192)
	at sun.nio.ch.SocketChannelImpl.read(SocketChannelImpl.java:380)
	at org.xnio.nio.NioSocketConduit.read(NioSocketConduit.java:286)
	at org.xnio.conduits.ConduitStreamSourceChannel.read(ConduitStreamSourceChannel.java:127)
	at io.undertow.server.protocol.http.HttpReadListener.handleEventWithNoRunningRequest(HttpReadListener.java:156)
	at io.undertow.server.protocol.http.HttpReadListener.handleEvent(HttpReadListener.java:134)
	at io.undertow.server.protocol.http.HttpReadListener.handleEvent(HttpReadListener.java:58)
	at org.xnio.ChannelListeners.invokeChannelListener(ChannelListeners.java:92)
	at org.xnio.conduits.ReadReadyHandler$ChannelListenerHandler.readReady(ReadReadyHandler.java:66)
	at org.xnio.nio.NioSocketConduit.handleReady(NioSocketConduit.java:88)
	at org.xnio.nio.WorkerThread.run(WorkerThread.java:559)
2811562 [XNIO-1 I/O-3] DEBUG io.undertow.request -Matched default handler path /a/login
2811590 [XNIO-1 task-7] DEBUG io.undertow.request.security -Attempting to authenticate HttpServerExchange{ POST /a/login request {Connection=[Keep-Alive], Accept-Encoding=[gzip], Content-Type=[application/x-www-form-urlencoded], Content-Length=[25], User-Agent=[okhttp/3.6.0], Host=[localhost:9999]} response {}}, authentication required: false
2811591 [XNIO-1 task-7] DEBUG io.undertow.request.security -Authentication outcome was NOT_ATTEMPTED with method io.undertow.security.impl.CachedAuthenticatedSessionMechanism@66048a8c for HttpServerExchange{ POST /a/login request {Connection=[Keep-Alive], Accept-Encoding=[gzip], Content-Type=[application/x-www-form-urlencoded], Content-Length=[25], User-Agent=[okhttp/3.6.0], Host=[localhost:9999]} response {}}
2811591 [XNIO-1 task-7] DEBUG io.undertow.request.security -Authentication result was ATTEMPTED for HttpServerExchange{ POST /a/login request {Connection=[Keep-Alive], Accept-Encoding=[gzip], Content-Type=[application/x-www-form-urlencoded], Content-Length=[25], User-Agent=[okhttp/3.6.0], Host=[localhost:9999]} response {}}
2811600 [XNIO-1 task-7] INFO  net.xgs.handle.RenderingTimeHandler -User-Agent:[okhttp/3.6.0]	URL:[/a/login]	TRENDING TIME:	[9]ms
2829564 [XNIO-1 I/O-3] DEBUG io.undertow.request.io -Error reading request
java.io.IOException: 远程主机强迫关闭了一个现有的连接。
	at sun.nio.ch.SocketDispatcher.read0(Native Method)
	at sun.nio.ch.SocketDispatcher.read(SocketDispatcher.java:43)
	at sun.nio.ch.IOUtil.readIntoNativeBuffer(IOUtil.java:223)
	at sun.nio.ch.IOUtil.read(IOUtil.java:192)
	at sun.nio.ch.SocketChannelImpl.read(SocketChannelImpl.java:380)
	at org.xnio.nio.NioSocketConduit.read(NioSocketConduit.java:286)
	at org.xnio.conduits.ConduitStreamSourceChannel.read(ConduitStreamSourceChannel.java:127)
	at io.undertow.server.protocol.http.HttpReadListener.handleEventWithNoRunningRequest(HttpReadListener.java:156)
	at io.undertow.server.protocol.http.HttpReadListener.handleEvent(HttpReadListener.java:134)
	at io.undertow.server.protocol.http.HttpReadListener.handleEvent(HttpReadListener.java:58)
	at org.xnio.ChannelListeners.invokeChannelListener(ChannelListeners.java:92)
	at org.xnio.conduits.ReadReadyHandler$ChannelListenerHandler.readReady(ReadReadyHandler.java:66)
	at org.xnio.nio.NioSocketConduit.handleReady(NioSocketConduit.java:88)
	at org.xnio.nio.WorkerThread.run(WorkerThread.java:559)
2837801 [XNIO-1 I/O-4] DEBUG io.undertow.request -Matched default handler path /a/login
2837809 [XNIO-1 task-8] DEBUG io.undertow.request.security -Attempting to authenticate HttpServerExchange{ POST /a/login request {Connection=[Keep-Alive], Accept-Encoding=[gzip], Content-Type=[application/x-www-form-urlencoded], Content-Length=[25], User-Agent=[okhttp/3.6.0], Host=[localhost:9999]} response {}}, authentication required: false
2837809 [XNIO-1 task-8] DEBUG io.undertow.request.security -Authentication outcome was NOT_ATTEMPTED with method io.undertow.security.impl.CachedAuthenticatedSessionMechanism@66048a8c for HttpServerExchange{ POST /a/login request {Connection=[Keep-Alive], Accept-Encoding=[gzip], Content-Type=[application/x-www-form-urlencoded], Content-Length=[25], User-Agent=[okhttp/3.6.0], Host=[localhost:9999]} response {}}
2837809 [XNIO-1 task-8] DEBUG io.undertow.request.security -Authentication result was ATTEMPTED for HttpServerExchange{ POST /a/login request {Connection=[Keep-Alive], Accept-Encoding=[gzip], Content-Type=[application/x-www-form-urlencoded], Content-Length=[25], User-Agent=[okhttp/3.6.0], Host=[localhost:9999]} response {}}
2837815 [XNIO-1 task-8] INFO  net.xgs.handle.RenderingTimeHandler -User-Agent:[okhttp/3.6.0]	URL:[/a/login]	TRENDING TIME:	[5]ms
2862508 [XNIO-1 I/O-4] DEBUG io.undertow.request.io -Error reading request
java.io.IOException: 远程主机强迫关闭了一个现有的连接。
	at sun.nio.ch.SocketDispatcher.read0(Native Method)
	at sun.nio.ch.SocketDispatcher.read(SocketDispatcher.java:43)
	at sun.nio.ch.IOUtil.readIntoNativeBuffer(IOUtil.java:223)
	at sun.nio.ch.IOUtil.read(IOUtil.java:192)
	at sun.nio.ch.SocketChannelImpl.read(SocketChannelImpl.java:380)
	at org.xnio.nio.NioSocketConduit.read(NioSocketConduit.java:286)
	at org.xnio.conduits.ConduitStreamSourceChannel.read(ConduitStreamSourceChannel.java:127)
	at io.undertow.server.protocol.http.HttpReadListener.handleEventWithNoRunningRequest(HttpReadListener.java:156)
	at io.undertow.server.protocol.http.HttpReadListener.handleEvent(HttpReadListener.java:134)
	at io.undertow.server.protocol.http.HttpReadListener.handleEvent(HttpReadListener.java:58)
	at org.xnio.ChannelListeners.invokeChannelListener(ChannelListeners.java:92)
	at org.xnio.conduits.ReadReadyHandler$ChannelListenerHandler.readReady(ReadReadyHandler.java:66)
	at org.xnio.nio.NioSocketConduit.handleReady(NioSocketConduit.java:88)
	at org.xnio.nio.WorkerThread.run(WorkerThread.java:559)
2865837 [XNIO-1 I/O-2] DEBUG io.undertow.request -Matched default handler path /a/login
2865840 [XNIO-1 task-9] DEBUG io.undertow.request.security -Attempting to authenticate HttpServerExchange{ POST /a/login request {Connection=[Keep-Alive], Accept-Encoding=[gzip], Content-Type=[application/x-www-form-urlencoded], Content-Length=[25], User-Agent=[okhttp/3.6.0], Host=[localhost:9999]} response {}}, authentication required: false
2865841 [XNIO-1 task-9] DEBUG io.undertow.request.security -Authentication outcome was NOT_ATTEMPTED with method io.undertow.security.impl.CachedAuthenticatedSessionMechanism@66048a8c for HttpServerExchange{ POST /a/login request {Connection=[Keep-Alive], Accept-Encoding=[gzip], Content-Type=[application/x-www-form-urlencoded], Content-Length=[25], User-Agent=[okhttp/3.6.0], Host=[localhost:9999]} response {}}
2865841 [XNIO-1 task-9] DEBUG io.undertow.request.security -Authentication result was ATTEMPTED for HttpServerExchange{ POST /a/login request {Connection=[Keep-Alive], Accept-Encoding=[gzip], Content-Type=[application/x-www-form-urlencoded], Content-Length=[25], User-Agent=[okhttp/3.6.0], Host=[localhost:9999]} response {}}
2865849 [XNIO-1 task-9] INFO  net.xgs.handle.RenderingTimeHandler -User-Agent:[okhttp/3.6.0]	URL:[/a/login]	TRENDING TIME:	[8]ms
2876712 [XNIO-1 I/O-2] DEBUG io.undertow.request.io -Error reading request
java.io.IOException: 远程主机强迫关闭了一个现有的连接。
	at sun.nio.ch.SocketDispatcher.read0(Native Method)
	at sun.nio.ch.SocketDispatcher.read(SocketDispatcher.java:43)
	at sun.nio.ch.IOUtil.readIntoNativeBuffer(IOUtil.java:223)
	at sun.nio.ch.IOUtil.read(IOUtil.java:192)
	at sun.nio.ch.SocketChannelImpl.read(SocketChannelImpl.java:380)
	at org.xnio.nio.NioSocketConduit.read(NioSocketConduit.java:286)
	at org.xnio.conduits.ConduitStreamSourceChannel.read(ConduitStreamSourceChannel.java:127)
	at io.undertow.server.protocol.http.HttpReadListener.handleEventWithNoRunningRequest(HttpReadListener.java:156)
	at io.undertow.server.protocol.http.HttpReadListener.handleEvent(HttpReadListener.java:134)
	at io.undertow.server.protocol.http.HttpReadListener.handleEvent(HttpReadListener.java:58)
	at org.xnio.ChannelListeners.invokeChannelListener(ChannelListeners.java:92)
	at org.xnio.conduits.ReadReadyHandler$ChannelListenerHandler.readReady(ReadReadyHandler.java:66)
	at org.xnio.nio.NioSocketConduit.handleReady(NioSocketConduit.java:88)
	at org.xnio.nio.WorkerThread.run(WorkerThread.java:559)
2883326 [XNIO-1 I/O-1] DEBUG io.undertow.request -Matched default handler path /a/login
2883335 [XNIO-1 task-10] DEBUG io.undertow.request.security -Attempting to authenticate HttpServerExchange{ POST /a/login request {Connection=[Keep-Alive], Accept-Encoding=[gzip], Content-Type=[application/x-www-form-urlencoded], Content-Length=[25], User-Agent=[okhttp/3.6.0], Host=[localhost:9999]} response {}}, authentication required: false
2883336 [XNIO-1 task-10] DEBUG io.undertow.request.security -Authentication outcome was NOT_ATTEMPTED with method io.undertow.security.impl.CachedAuthenticatedSessionMechanism@66048a8c for HttpServerExchange{ POST /a/login request {Connection=[Keep-Alive], Accept-Encoding=[gzip], Content-Type=[application/x-www-form-urlencoded], Content-Length=[25], User-Agent=[okhttp/3.6.0], Host=[localhost:9999]} response {}}
2883337 [XNIO-1 task-10] DEBUG io.undertow.request.security -Authentication result was ATTEMPTED for HttpServerExchange{ POST /a/login request {Connection=[Keep-Alive], Accept-Encoding=[gzip], Content-Type=[application/x-www-form-urlencoded], Content-Length=[25], User-Agent=[okhttp/3.6.0], Host=[localhost:9999]} response {}}
2883345 [XNIO-1 task-10] INFO  net.xgs.handle.RenderingTimeHandler -User-Agent:[okhttp/3.6.0]	URL:[/a/login]	TRENDING TIME:	[5]ms
2889885 [XNIO-1 I/O-1] DEBUG io.undertow.request.io -Error reading request
java.io.IOException: 远程主机强迫关闭了一个现有的连接。
	at sun.nio.ch.SocketDispatcher.read0(Native Method)
	at sun.nio.ch.SocketDispatcher.read(SocketDispatcher.java:43)
	at sun.nio.ch.IOUtil.readIntoNativeBuffer(IOUtil.java:223)
	at sun.nio.ch.IOUtil.read(IOUtil.java:192)
	at sun.nio.ch.SocketChannelImpl.read(SocketChannelImpl.java:380)
	at org.xnio.nio.NioSocketConduit.read(NioSocketConduit.java:286)
	at org.xnio.conduits.ConduitStreamSourceChannel.read(ConduitStreamSourceChannel.java:127)
	at io.undertow.server.protocol.http.HttpReadListener.handleEventWithNoRunningRequest(HttpReadListener.java:156)
	at io.undertow.server.protocol.http.HttpReadListener.handleEvent(HttpReadListener.java:134)
	at io.undertow.server.protocol.http.HttpReadListener.handleEvent(HttpReadListener.java:58)
	at org.xnio.ChannelListeners.invokeChannelListener(ChannelListeners.java:92)
	at org.xnio.conduits.ReadReadyHandler$ChannelListenerHandler.readReady(ReadReadyHandler.java:66)
	at org.xnio.nio.NioSocketConduit.handleReady(NioSocketConduit.java:88)
	at org.xnio.nio.WorkerThread.run(WorkerThread.java:559)
2973625 [XNIO-1 I/O-3] DEBUG io.undertow.request -Matched default handler path /a/login&dasdasd=asdasd
2973628 [XNIO-1 task-11] DEBUG io.undertow.request.security -Attempting to authenticate HttpServerExchange{ POST /a/login&dasdasd=asdasd request {Connection=[Keep-Alive], Accept-Encoding=[gzip], Content-Type=[application/x-www-form-urlencoded], Content-Length=[25], User-Agent=[okhttp/3.6.0], Host=[localhost:9999]} response {}}, authentication required: false
2973629 [XNIO-1 task-11] DEBUG io.undertow.request.security -Authentication outcome was NOT_ATTEMPTED with method io.undertow.security.impl.CachedAuthenticatedSessionMechanism@66048a8c for HttpServerExchange{ POST /a/login&dasdasd=asdasd request {Connection=[Keep-Alive], Accept-Encoding=[gzip], Content-Type=[application/x-www-form-urlencoded], Content-Length=[25], User-Agent=[okhttp/3.6.0], Host=[localhost:9999]} response {}}
2973629 [XNIO-1 task-11] DEBUG io.undertow.request.security -Authentication result was ATTEMPTED for HttpServerExchange{ POST /a/login&dasdasd=asdasd request {Connection=[Keep-Alive], Accept-Encoding=[gzip], Content-Type=[application/x-www-form-urlencoded], Content-Length=[25], User-Agent=[okhttp/3.6.0], Host=[localhost:9999]} response {}}
2973631 [XNIO-1 task-11] INFO  net.xgs.handle.RenderingTimeHandler -User-Agent:[okhttp/3.6.0]	URL:[/a/login&dasdasd=asdasd]	TRENDING TIME:	[2]ms
3011388 [XNIO-1 I/O-3] DEBUG io.undertow.request.io -Error reading request
java.io.IOException: 远程主机强迫关闭了一个现有的连接。
	at sun.nio.ch.SocketDispatcher.read0(Native Method)
	at sun.nio.ch.SocketDispatcher.read(SocketDispatcher.java:43)
	at sun.nio.ch.IOUtil.readIntoNativeBuffer(IOUtil.java:223)
	at sun.nio.ch.IOUtil.read(IOUtil.java:192)
	at sun.nio.ch.SocketChannelImpl.read(SocketChannelImpl.java:380)
	at org.xnio.nio.NioSocketConduit.read(NioSocketConduit.java:286)
	at org.xnio.conduits.ConduitStreamSourceChannel.read(ConduitStreamSourceChannel.java:127)
	at io.undertow.server.protocol.http.HttpReadListener.handleEventWithNoRunningRequest(HttpReadListener.java:156)
	at io.undertow.server.protocol.http.HttpReadListener.handleEvent(HttpReadListener.java:134)
	at io.undertow.server.protocol.http.HttpReadListener.handleEvent(HttpReadListener.java:58)
	at org.xnio.ChannelListeners.invokeChannelListener(ChannelListeners.java:92)
	at org.xnio.conduits.ReadReadyHandler$ChannelListenerHandler.readReady(ReadReadyHandler.java:66)
	at org.xnio.nio.NioSocketConduit.handleReady(NioSocketConduit.java:88)
	at org.xnio.nio.WorkerThread.run(WorkerThread.java:559)
3039215 [XNIO-1 I/O-1] DEBUG io.undertow.request -Matched default handler path /a/login&dasdasd=asdasd
3039217 [XNIO-1 task-12] DEBUG io.undertow.request.security -Attempting to authenticate HttpServerExchange{ POST /a/login&dasdasd=asdasd request {Connection=[Keep-Alive], Accept-Encoding=[gzip], Content-Type=[application/x-www-form-urlencoded], Content-Length=[25], User-Agent=[okhttp/3.6.0], Host=[localhost:9999]} response {}}, authentication required: false
3039218 [XNIO-1 task-12] DEBUG io.undertow.request.security -Authentication outcome was NOT_ATTEMPTED with method io.undertow.security.impl.CachedAuthenticatedSessionMechanism@66048a8c for HttpServerExchange{ POST /a/login&dasdasd=asdasd request {Connection=[Keep-Alive], Accept-Encoding=[gzip], Content-Type=[application/x-www-form-urlencoded], Content-Length=[25], User-Agent=[okhttp/3.6.0], Host=[localhost:9999]} response {}}
3039222 [XNIO-1 task-12] DEBUG io.undertow.request.security -Authentication result was ATTEMPTED for HttpServerExchange{ POST /a/login&dasdasd=asdasd request {Connection=[Keep-Alive], Accept-Encoding=[gzip], Content-Type=[application/x-www-form-urlencoded], Content-Length=[25], User-Agent=[okhttp/3.6.0], Host=[localhost:9999]} response {}}
3039229 [XNIO-1 task-12] INFO  net.xgs.handle.RenderingTimeHandler -User-Agent:[okhttp/3.6.0]	URL:[/a/login&dasdasd=asdasd]	TRENDING TIME:	[7]ms
3088332 [XNIO-1 I/O-1] DEBUG io.undertow.request.io -Error reading request
java.io.IOException: 远程主机强迫关闭了一个现有的连接。
	at sun.nio.ch.SocketDispatcher.read0(Native Method)
	at sun.nio.ch.SocketDispatcher.read(SocketDispatcher.java:43)
	at sun.nio.ch.IOUtil.readIntoNativeBuffer(IOUtil.java:223)
	at sun.nio.ch.IOUtil.read(IOUtil.java:192)
	at sun.nio.ch.SocketChannelImpl.read(SocketChannelImpl.java:380)
	at org.xnio.nio.NioSocketConduit.read(NioSocketConduit.java:286)
	at org.xnio.conduits.ConduitStreamSourceChannel.read(ConduitStreamSourceChannel.java:127)
	at io.undertow.server.protocol.http.HttpReadListener.handleEventWithNoRunningRequest(HttpReadListener.java:156)
	at io.undertow.server.protocol.http.HttpReadListener.handleEvent(HttpReadListener.java:134)
	at io.undertow.server.protocol.http.HttpReadListener.handleEvent(HttpReadListener.java:58)
	at org.xnio.ChannelListeners.invokeChannelListener(ChannelListeners.java:92)
	at org.xnio.conduits.ReadReadyHandler$ChannelListenerHandler.readReady(ReadReadyHandler.java:66)
	at org.xnio.nio.NioSocketConduit.handleReady(NioSocketConduit.java:88)
	at org.xnio.nio.WorkerThread.run(WorkerThread.java:559)
729  [main] DEBUG org.jboss.logging -Logging Provider: org.jboss.logging.Slf4jLoggerProvider
746  [main] DEBUG io.undertow.session -Setting default session timeout to 1800
761  [main] DEBUG io.undertow.session -Registered session listener io.undertow.servlet.core.SessionListenerBridge@38c6f217
970  [main] DEBUG net.xgs.config.RestfulConfig -init routes
985  [main] DEBUG net.xgs.config.RestfulConfig -init plugins
985  [main] DEBUG net.xgs.config.RestfulConfig -init database..
1189 [main] DEBUG net.xgs.config.RestfulConfig -inited database..
3054 [main] INFO  c.a.druid.pool.DruidDataSource -{dataSource-1} inited
3681 [main] INFO  net.xgs.commons.plugin.IocPlugin -loading annotaion
3826 [main] INFO  net.xgs.commons.plugin.IocPlugin -loading net.xgs.controller.AlarmMsgController
3832 [main] INFO  net.xgs.commons.plugin.IocPlugin -loading net.xgs.controller.BlockController
3832 [main] INFO  net.xgs.commons.plugin.IocPlugin -loading net.xgs.controller.DataMachineController
3833 [main] INFO  net.xgs.commons.plugin.IocPlugin -loading net.xgs.controller.IndexController
3833 [main] INFO  net.xgs.commons.plugin.IocPlugin -loading net.xgs.controller.MachineController
3834 [main] INFO  net.xgs.commons.plugin.IocPlugin -loading net.xgs.controller.MachineLimitController
3834 [main] INFO  net.xgs.commons.plugin.IocPlugin -loading net.xgs.controller.TaskPlanController
3834 [main] INFO  net.xgs.commons.plugin.IocPlugin -loading net.xgs.services.AlarmMsgService
4080 [main] INFO  net.xgs.commons.plugin.IocPlugin -loading net.xgs.services.BlockDataService
4089 [main] INFO  net.xgs.commons.plugin.IocPlugin -loading net.xgs.services.BlockMemberService
4107 [main] INFO  net.xgs.commons.plugin.IocPlugin -loading net.xgs.services.BlockService
4137 [main] INFO  net.xgs.commons.plugin.IocPlugin -loading net.xgs.services.DayHistoryDataMachineService
4144 [main] INFO  net.xgs.commons.plugin.IocPlugin -loading net.xgs.services.FunctionService
4156 [main] INFO  net.xgs.commons.plugin.IocPlugin -loading net.xgs.services.HistoryDataMachineService
4164 [main] INFO  net.xgs.commons.plugin.IocPlugin -loading net.xgs.services.MachineBlockService
4180 [main] INFO  net.xgs.commons.plugin.IocPlugin -loading net.xgs.services.MachineBlockTypeService
4185 [main] INFO  net.xgs.commons.plugin.IocPlugin -loading net.xgs.services.MachineDataService
4189 [main] INFO  net.xgs.commons.plugin.IocPlugin -loading net.xgs.services.MachineLimitService
4216 [main] INFO  net.xgs.commons.plugin.IocPlugin -loading net.xgs.services.MachineParamService
4228 [main] INFO  net.xgs.commons.plugin.IocPlugin -loading net.xgs.services.MachineService
4229 [main] INFO  net.xgs.commons.plugin.IocPlugin -loading net.xgs.services.MachineTypeService
4240 [main] INFO  net.xgs.commons.plugin.IocPlugin -loading net.xgs.services.ManufactorService
4252 [main] INFO  net.xgs.commons.plugin.IocPlugin -loading net.xgs.services.MemberBlockDataService
4258 [main] INFO  net.xgs.commons.plugin.IocPlugin -loading net.xgs.services.MemberService
4276 [main] INFO  net.xgs.commons.plugin.IocPlugin -loading net.xgs.services.MenuFunctionService
4280 [main] INFO  net.xgs.commons.plugin.IocPlugin -loading net.xgs.services.MenuService
4284 [main] INFO  net.xgs.commons.plugin.IocPlugin -loading net.xgs.services.OrgService
4311 [main] INFO  net.xgs.commons.plugin.IocPlugin -loading net.xgs.services.RoleService
4322 [main] INFO  net.xgs.commons.plugin.IocPlugin -loading net.xgs.services.TaskPlanJobService
4329 [main] INFO  net.xgs.commons.plugin.IocPlugin -loading net.xgs.services.TaskPlanService
4350 [main] INFO  net.xgs.commons.plugin.IocPlugin -annotation loaded 
4785 [main] DEBUG io.undertow -starting undertow server io.undertow.Undertow@6d1d4d7
4809 [main] INFO  org.xnio -XNIO version 3.3.6.Final
4866 [main] INFO  org.xnio.nio -XNIO NIO Implementation Version 3.3.6.Final
5431 [XNIO-1 I/O-2] DEBUG org.xnio.nio -Started channel thread 'XNIO-1 I/O-2', selector sun.nio.ch.WindowsSelectorImpl@58077c17
5431 [XNIO-1 I/O-1] DEBUG org.xnio.nio -Started channel thread 'XNIO-1 I/O-1', selector sun.nio.ch.WindowsSelectorImpl@6e97d3fc
5432 [XNIO-1 I/O-3] DEBUG org.xnio.nio -Started channel thread 'XNIO-1 I/O-3', selector sun.nio.ch.WindowsSelectorImpl@270ba17b
5433 [XNIO-1 Accept] DEBUG org.xnio.nio -Started channel thread 'XNIO-1 Accept', selector sun.nio.ch.WindowsSelectorImpl@6f07b3f2
5434 [XNIO-1 I/O-4] DEBUG org.xnio.nio -Started channel thread 'XNIO-1 I/O-4', selector sun.nio.ch.WindowsSelectorImpl@39c89047
5436 [main] DEBUG io.undertow -Configuring listener with protocol HTTP for interface 0.0.0.0 and port 9999
586  [main] DEBUG org.jboss.logging -Logging Provider: org.jboss.logging.Slf4jLoggerProvider
605  [main] DEBUG io.undertow.session -Setting default session timeout to 1800
614  [main] DEBUG io.undertow.session -Registered session listener io.undertow.servlet.core.SessionListenerBridge@35cabb2a
801  [main] DEBUG net.xgs.config.JobConfig -init routes
803  [main] DEBUG net.xgs.config.JobConfig -init plugins
803  [main] DEBUG net.xgs.config.JobConfig -init database..
978  [main] DEBUG net.xgs.config.JobConfig -inited database..
2549 [main] INFO  c.a.druid.pool.DruidDataSource -{dataSource-1} inited
2987 [main] INFO  net.xgs.commons.plugin.IocPlugin -loading annotaion
3046 [main] INFO  net.xgs.commons.plugin.IocPlugin -loading net.xgs.controller.IndexController
3051 [main] INFO  net.xgs.commons.plugin.IocPlugin -loading net.xgs.services.JobService
3185 [main] INFO  net.xgs.commons.plugin.IocPlugin -loading net.xgs.services.AlarmMsgService
3206 [main] INFO  net.xgs.commons.plugin.IocPlugin -loading net.xgs.services.BlockDataService
3211 [main] INFO  net.xgs.commons.plugin.IocPlugin -loading net.xgs.services.BlockMemberService
3221 [main] INFO  net.xgs.commons.plugin.IocPlugin -loading net.xgs.services.BlockService
3237 [main] INFO  net.xgs.commons.plugin.IocPlugin -loading net.xgs.services.DayHistoryDataMachineService
3245 [main] INFO  net.xgs.commons.plugin.IocPlugin -loading net.xgs.services.FunctionService
3259 [main] INFO  net.xgs.commons.plugin.IocPlugin -loading net.xgs.services.HistoryDataMachineService
3265 [main] INFO  net.xgs.commons.plugin.IocPlugin -loading net.xgs.services.MachineBlockService
3272 [main] INFO  net.xgs.commons.plugin.IocPlugin -loading net.xgs.services.MachineBlockTypeService
3276 [main] INFO  net.xgs.commons.plugin.IocPlugin -loading net.xgs.services.MachineDataService
3285 [main] INFO  net.xgs.commons.plugin.IocPlugin -loading net.xgs.services.MachineLimitService
3328 [main] INFO  net.xgs.commons.plugin.IocPlugin -loading net.xgs.services.MachineParamService
3340 [main] INFO  net.xgs.commons.plugin.IocPlugin -loading net.xgs.services.MachineService
3340 [main] INFO  net.xgs.commons.plugin.IocPlugin -loading net.xgs.services.MachineTypeService
3345 [main] INFO  net.xgs.commons.plugin.IocPlugin -loading net.xgs.services.ManufactorService
3371 [main] INFO  net.xgs.commons.plugin.IocPlugin -loading net.xgs.services.MemberBlockDataService
3386 [main] INFO  net.xgs.commons.plugin.IocPlugin -loading net.xgs.services.MemberService
3392 [main] INFO  net.xgs.commons.plugin.IocPlugin -loading net.xgs.services.MenuFunctionService
3395 [main] INFO  net.xgs.commons.plugin.IocPlugin -loading net.xgs.services.MenuService
3398 [main] INFO  net.xgs.commons.plugin.IocPlugin -loading net.xgs.services.OrgService
3406 [main] INFO  net.xgs.commons.plugin.IocPlugin -loading net.xgs.services.RoleService
3416 [main] INFO  net.xgs.commons.plugin.IocPlugin -loading net.xgs.services.TaskPlanJobService
3423 [main] INFO  net.xgs.commons.plugin.IocPlugin -loading net.xgs.services.TaskPlanService
3439 [main] INFO  net.xgs.commons.plugin.IocPlugin -annotation loaded 
3907 [main] DEBUG c.a.d.pool.PreparedStatementPool -{conn-10010, pstmt-20029} enter cache
3927 [main] DEBUG io.undertow -starting undertow server io.undertow.Undertow@59aa20b3
3955 [main] INFO  org.xnio -XNIO version 3.3.6.Final
4058 [main] INFO  org.xnio.nio -XNIO NIO Implementation Version 3.3.6.Final
4421 [XNIO-1 I/O-2] DEBUG org.xnio.nio -Started channel thread 'XNIO-1 I/O-2', selector sun.nio.ch.WindowsSelectorImpl@160aa75f
4423 [XNIO-1 I/O-3] DEBUG org.xnio.nio -Started channel thread 'XNIO-1 I/O-3', selector sun.nio.ch.WindowsSelectorImpl@3c64ade1
4422 [XNIO-1 I/O-1] DEBUG org.xnio.nio -Started channel thread 'XNIO-1 I/O-1', selector sun.nio.ch.WindowsSelectorImpl@5804821c
4425 [main] DEBUG io.undertow -Configuring listener with protocol HTTP for interface 0.0.0.0 and port 8899
4425 [XNIO-1 Accept] DEBUG org.xnio.nio -Started channel thread 'XNIO-1 Accept', selector sun.nio.ch.WindowsSelectorImpl@762fa653
4426 [XNIO-1 I/O-4] DEBUG org.xnio.nio -Started channel thread 'XNIO-1 I/O-4', selector sun.nio.ch.WindowsSelectorImpl@411ab6f7
36759 [XNIO-1 I/O-1] DEBUG io.undertow.request -Matched default handler path /a/login&dasdasd=asdasd
36810 [XNIO-1 task-1] DEBUG io.undertow.request.security -Attempting to authenticate HttpServerExchange{ POST /a/login&dasdasd=asdasd request {Connection=[Keep-Alive], Accept-Encoding=[gzip], Content-Type=[application/x-www-form-urlencoded], Content-Length=[25], User-Agent=[okhttp/3.6.0], Host=[localhost:9999]} response {}}, authentication required: false
36813 [XNIO-1 task-1] DEBUG io.undertow.request.security -Authentication outcome was NOT_ATTEMPTED with method io.undertow.security.impl.CachedAuthenticatedSessionMechanism@5cc72b08 for HttpServerExchange{ POST /a/login&dasdasd=asdasd request {Connection=[Keep-Alive], Accept-Encoding=[gzip], Content-Type=[application/x-www-form-urlencoded], Content-Length=[25], User-Agent=[okhttp/3.6.0], Host=[localhost:9999]} response {}}
36814 [XNIO-1 task-1] DEBUG io.undertow.request.security -Authentication result was ATTEMPTED for HttpServerExchange{ POST /a/login&dasdasd=asdasd request {Connection=[Keep-Alive], Accept-Encoding=[gzip], Content-Type=[application/x-www-form-urlencoded], Content-Length=[25], User-Agent=[okhttp/3.6.0], Host=[localhost:9999]} response {}}
36860 [XNIO-1 task-1] INFO  net.xgs.handle.RenderingTimeHandler -User-Agent:[okhttp/3.6.0]	URL:[/a/login&dasdasd=asdasd]	TRENDING TIME:	[40]ms
96888 [XNIO-1 I/O-1] DEBUG io.undertow.request.io -Error reading request
java.io.IOException: 远程主机强迫关闭了一个现有的连接。
	at sun.nio.ch.SocketDispatcher.read0(Native Method)
	at sun.nio.ch.SocketDispatcher.read(SocketDispatcher.java:43)
	at sun.nio.ch.IOUtil.readIntoNativeBuffer(IOUtil.java:223)
	at sun.nio.ch.IOUtil.read(IOUtil.java:192)
	at sun.nio.ch.SocketChannelImpl.read(SocketChannelImpl.java:380)
	at org.xnio.nio.NioSocketConduit.read(NioSocketConduit.java:286)
	at org.xnio.conduits.ConduitStreamSourceChannel.read(ConduitStreamSourceChannel.java:127)
	at io.undertow.server.protocol.http.HttpReadListener.handleEventWithNoRunningRequest(HttpReadListener.java:156)
	at io.undertow.server.protocol.http.HttpReadListener.handleEvent(HttpReadListener.java:134)
	at io.undertow.server.protocol.http.HttpReadListener.handleEvent(HttpReadListener.java:58)
	at org.xnio.ChannelListeners.invokeChannelListener(ChannelListeners.java:92)
	at org.xnio.conduits.ReadReadyHandler$ChannelListenerHandler.readReady(ReadReadyHandler.java:66)
	at org.xnio.nio.NioSocketConduit.handleReady(NioSocketConduit.java:88)
	at org.xnio.nio.WorkerThread.run(WorkerThread.java:559)
131325 [XNIO-1 I/O-3] DEBUG io.undertow.request -Matched default handler path /a/login&dasdasd=asdasd
131328 [XNIO-1 task-2] DEBUG io.undertow.request.security -Attempting to authenticate HttpServerExchange{ POST /a/login&dasdasd=asdasd request {Connection=[Keep-Alive], Accept-Encoding=[gzip], Content-Type=[application/x-www-form-urlencoded], Content-Length=[25], User-Agent=[okhttp/3.6.0], Host=[localhost:9999]} response {}}, authentication required: false
131328 [XNIO-1 task-2] DEBUG io.undertow.request.security -Authentication outcome was NOT_ATTEMPTED with method io.undertow.security.impl.CachedAuthenticatedSessionMechanism@5cc72b08 for HttpServerExchange{ POST /a/login&dasdasd=asdasd request {Connection=[Keep-Alive], Accept-Encoding=[gzip], Content-Type=[application/x-www-form-urlencoded], Content-Length=[25], User-Agent=[okhttp/3.6.0], Host=[localhost:9999]} response {}}
131329 [XNIO-1 task-2] DEBUG io.undertow.request.security -Authentication result was ATTEMPTED for HttpServerExchange{ POST /a/login&dasdasd=asdasd request {Connection=[Keep-Alive], Accept-Encoding=[gzip], Content-Type=[application/x-www-form-urlencoded], Content-Length=[25], User-Agent=[okhttp/3.6.0], Host=[localhost:9999]} response {}}
131331 [XNIO-1 task-2] INFO  net.xgs.handle.RenderingTimeHandler -User-Agent:[okhttp/3.6.0]	URL:[/a/login&dasdasd=asdasd]	TRENDING TIME:	[2]ms
158410 [XNIO-1 I/O-3] DEBUG io.undertow.request.io -Error reading request
java.io.IOException: 远程主机强迫关闭了一个现有的连接。
	at sun.nio.ch.SocketDispatcher.read0(Native Method)
	at sun.nio.ch.SocketDispatcher.read(SocketDispatcher.java:43)
	at sun.nio.ch.IOUtil.readIntoNativeBuffer(IOUtil.java:223)
	at sun.nio.ch.IOUtil.read(IOUtil.java:192)
	at sun.nio.ch.SocketChannelImpl.read(SocketChannelImpl.java:380)
	at org.xnio.nio.NioSocketConduit.read(NioSocketConduit.java:286)
	at org.xnio.conduits.ConduitStreamSourceChannel.read(ConduitStreamSourceChannel.java:127)
	at io.undertow.server.protocol.http.HttpReadListener.handleEventWithNoRunningRequest(HttpReadListener.java:156)
	at io.undertow.server.protocol.http.HttpReadListener.handleEvent(HttpReadListener.java:134)
	at io.undertow.server.protocol.http.HttpReadListener.handleEvent(HttpReadListener.java:58)
	at org.xnio.ChannelListeners.invokeChannelListener(ChannelListeners.java:92)
	at org.xnio.conduits.ReadReadyHandler$ChannelListenerHandler.readReady(ReadReadyHandler.java:66)
	at org.xnio.nio.NioSocketConduit.handleReady(NioSocketConduit.java:88)
	at org.xnio.nio.WorkerThread.run(WorkerThread.java:559)
162359 [XNIO-1 I/O-3] DEBUG io.undertow.request -Matched default handler path /a/login&dasdasd=asdasd
162376 [XNIO-1 task-3] DEBUG io.undertow.request.security -Attempting to authenticate HttpServerExchange{ POST /a/login&dasdasd=asdasd request {Connection=[Keep-Alive], Accept-Encoding=[gzip], Content-Type=[application/x-www-form-urlencoded], Content-Length=[25], User-Agent=[okhttp/3.6.0], Host=[localhost:9999]} response {}}, authentication required: false
162378 [XNIO-1 task-3] DEBUG io.undertow.request.security -Authentication outcome was NOT_ATTEMPTED with method io.undertow.security.impl.CachedAuthenticatedSessionMechanism@5cc72b08 for HttpServerExchange{ POST /a/login&dasdasd=asdasd request {Connection=[Keep-Alive], Accept-Encoding=[gzip], Content-Type=[application/x-www-form-urlencoded], Content-Length=[25], User-Agent=[okhttp/3.6.0], Host=[localhost:9999]} response {}}
162378 [XNIO-1 task-3] DEBUG io.undertow.request.security -Authentication result was ATTEMPTED for HttpServerExchange{ POST /a/login&dasdasd=asdasd request {Connection=[Keep-Alive], Accept-Encoding=[gzip], Content-Type=[application/x-www-form-urlencoded], Content-Length=[25], User-Agent=[okhttp/3.6.0], Host=[localhost:9999]} response {}}
162390 [XNIO-1 task-3] INFO  net.xgs.handle.RenderingTimeHandler -User-Agent:[okhttp/3.6.0]	URL:[/a/login&dasdasd=asdasd]	TRENDING TIME:	[9]ms
162458 [XNIO-1 I/O-3] DEBUG io.undertow.request.io -Error reading request
java.io.IOException: 远程主机强迫关闭了一个现有的连接。
	at sun.nio.ch.SocketDispatcher.read0(Native Method)
	at sun.nio.ch.SocketDispatcher.read(SocketDispatcher.java:43)
	at sun.nio.ch.IOUtil.readIntoNativeBuffer(IOUtil.java:223)
	at sun.nio.ch.IOUtil.read(IOUtil.java:192)
	at sun.nio.ch.SocketChannelImpl.read(SocketChannelImpl.java:380)
	at org.xnio.nio.NioSocketConduit.read(NioSocketConduit.java:286)
	at org.xnio.conduits.ConduitStreamSourceChannel.read(ConduitStreamSourceChannel.java:127)
	at io.undertow.server.protocol.http.HttpReadListener.handleEventWithNoRunningRequest(HttpReadListener.java:156)
	at io.undertow.server.protocol.http.HttpReadListener.handleEvent(HttpReadListener.java:134)
	at io.undertow.server.protocol.http.HttpReadListener.handleEvent(HttpReadListener.java:58)
	at org.xnio.ChannelListeners.invokeChannelListener(ChannelListeners.java:92)
	at org.xnio.conduits.ReadReadyHandler$ChannelListenerHandler.readReady(ReadReadyHandler.java:66)
	at org.xnio.nio.NioSocketConduit.handleReady(NioSocketConduit.java:88)
	at org.xnio.nio.WorkerThread.run(WorkerThread.java:559)
201260 [XNIO-1 I/O-4] DEBUG io.undertow.request -Matched default handler path /a/login&dasdasd=asdasd
201262 [XNIO-1 task-4] DEBUG io.undertow.request.security -Attempting to authenticate HttpServerExchange{ POST /a/login&dasdasd=asdasd request {Connection=[Keep-Alive], Accept-Encoding=[gzip], Content-Type=[application/x-www-form-urlencoded], Content-Length=[25], User-Agent=[okhttp/3.6.0], Host=[localhost:9999]} response {}}, authentication required: false
201263 [XNIO-1 task-4] DEBUG io.undertow.request.security -Authentication outcome was NOT_ATTEMPTED with method io.undertow.security.impl.CachedAuthenticatedSessionMechanism@5cc72b08 for HttpServerExchange{ POST /a/login&dasdasd=asdasd request {Connection=[Keep-Alive], Accept-Encoding=[gzip], Content-Type=[application/x-www-form-urlencoded], Content-Length=[25], User-Agent=[okhttp/3.6.0], Host=[localhost:9999]} response {}}
201263 [XNIO-1 task-4] DEBUG io.undertow.request.security -Authentication result was ATTEMPTED for HttpServerExchange{ POST /a/login&dasdasd=asdasd request {Connection=[Keep-Alive], Accept-Encoding=[gzip], Content-Type=[application/x-www-form-urlencoded], Content-Length=[25], User-Agent=[okhttp/3.6.0], Host=[localhost:9999]} response {}}
201266 [XNIO-1 task-4] INFO  net.xgs.handle.RenderingTimeHandler -User-Agent:[okhttp/3.6.0]	URL:[/a/login&dasdasd=asdasd]	TRENDING TIME:	[2]ms
209030 [XNIO-1 I/O-4] DEBUG io.undertow.request.io -Error reading request
java.io.IOException: 远程主机强迫关闭了一个现有的连接。
	at sun.nio.ch.SocketDispatcher.read0(Native Method)
	at sun.nio.ch.SocketDispatcher.read(SocketDispatcher.java:43)
	at sun.nio.ch.IOUtil.readIntoNativeBuffer(IOUtil.java:223)
	at sun.nio.ch.IOUtil.read(IOUtil.java:192)
	at sun.nio.ch.SocketChannelImpl.read(SocketChannelImpl.java:380)
	at org.xnio.nio.NioSocketConduit.read(NioSocketConduit.java:286)
	at org.xnio.conduits.ConduitStreamSourceChannel.read(ConduitStreamSourceChannel.java:127)
	at io.undertow.server.protocol.http.HttpReadListener.handleEventWithNoRunningRequest(HttpReadListener.java:156)
	at io.undertow.server.protocol.http.HttpReadListener.handleEvent(HttpReadListener.java:134)
	at io.undertow.server.protocol.http.HttpReadListener.handleEvent(HttpReadListener.java:58)
	at org.xnio.ChannelListeners.invokeChannelListener(ChannelListeners.java:92)
	at org.xnio.conduits.ReadReadyHandler$ChannelListenerHandler.readReady(ReadReadyHandler.java:66)
	at org.xnio.nio.NioSocketConduit.handleReady(NioSocketConduit.java:88)
	at org.xnio.nio.WorkerThread.run(WorkerThread.java:559)
213135 [XNIO-1 I/O-3] DEBUG io.undertow.request -Matched default handler path /a/login
213143 [XNIO-1 task-5] DEBUG io.undertow.request.security -Attempting to authenticate HttpServerExchange{ POST /a/login request {Connection=[Keep-Alive], Accept-Encoding=[gzip], Content-Type=[application/x-www-form-urlencoded], Content-Length=[25], User-Agent=[okhttp/3.6.0], Host=[localhost:9999]} response {}}, authentication required: false
213143 [XNIO-1 task-5] DEBUG io.undertow.request.security -Authentication outcome was NOT_ATTEMPTED with method io.undertow.security.impl.CachedAuthenticatedSessionMechanism@5cc72b08 for HttpServerExchange{ POST /a/login request {Connection=[Keep-Alive], Accept-Encoding=[gzip], Content-Type=[application/x-www-form-urlencoded], Content-Length=[25], User-Agent=[okhttp/3.6.0], Host=[localhost:9999]} response {}}
213143 [XNIO-1 task-5] DEBUG io.undertow.request.security -Authentication result was ATTEMPTED for HttpServerExchange{ POST /a/login request {Connection=[Keep-Alive], Accept-Encoding=[gzip], Content-Type=[application/x-www-form-urlencoded], Content-Length=[25], User-Agent=[okhttp/3.6.0], Host=[localhost:9999]} response {}}
226069 [XNIO-1 task-5] DEBUG c.a.d.pool.PreparedStatementPool -{conn-10010, pstmt-20029} enter cache
226075 [XNIO-1 task-5] INFO  net.xgs.handle.RenderingTimeHandler -User-Agent:[okhttp/3.6.0]	URL:[/a/login]	TRENDING TIME:	[12931]ms
